#
# A fatal error has been detected by the Java Runtime Environment:
#
#  SIGSEGV (0xb) at pc=0x00007fff897fa8f3, pid=15132, tid=45827
#
# JRE version: 7.0_25-b15
# Java VM: Java HotSpot(TM) 64-Bit Server VM (23.25-b01 mixed mode bsd-amd64 compressed oops)
# Problematic frame:
# C  [CoreFoundation+0x748f3]  _CFIsObjC+0x13
#
# Failed to write core dump. Core dumps have been disabled. To enable core dumping, try "ulimit -c unlimited" before starting Java again
#
# If you would like to submit a bug report, please visit:
#   http://bugreport.sun.com/bugreport/crash.jsp
# The crash happened outside the Java Virtual Machine in native code.
# See problematic frame for where to report the bug.
#

---------------  T H R E A D  ---------------

Current thread (0x00007f9424869000):  JavaThread "AWT-EventQueue-0" [_thread_in_native, id=45827, stack(0x0000000116853000,0x0000000116953000)]

siginfo:si_signo=SIGSEGV: si_errno=0, si_code=0 (SEGV0), si_addr=0x0000000000000000

Registers:
RAX=0x00007fff74d59288, RBX=0x0000000000000000, RCX=0x0000000000000001, RDX=0x000000011694fdc0
RSP=0x000000011694fcf0, RBP=0x000000011694fd10, RSI=0x000b7f9422e4a7c0, RDI=0x0000000000000127
R8 =0x0000000000000001, R9 =0x000000011694ff10, R10=0x000000010dbbdf64, R11=0x000000010d40923b
R12=0x00000007f3c67e18, R13=0x000b7f9422e4a7c0, R14=0x0000000000000001, R15=0x000000011694fdc0
RIP=0x00007fff897fa8f3, EFLAGS=0x0000000000010246, ERR=0x0000000000000000
  TRAPNO=0x000000000000000d

Top of Stack: (sp=0x000000011694fcf0)
0x000000011694fcf0:   00007fff74d59288 0000000000000000
0x000000011694fd00:   0000000000000001 000000011694fdc0
0x000000011694fd10:   000000011694fd60 00007fff86282b76
0x000000011694fd20:   000000011694fd50 000000010d286f1e
0x000000011694fd30:   00000007fba49658 0000000000000001
0x000000011694fd40:   00000007f3c67e18 0000000000000001
0x000000011694fd50:   00000007f3c67e48 000000011694fdc0
0x000000011694fd60:   000000011694fdb0 0000000111df822f
0x000000011694fd70:   00007f9424869000 00007f9429d33f60
0x000000011694fd80:   000000011694fdc8 000000011694ff10
0x000000011694fd90:   00000007f3c67e48 0000000000000001
0x000000011694fda0:   0000000000000001 00007f94248691d8
0x000000011694fdb0:   000000011694fe20 0000000111df586a
0x000000011694fdc0:   000000011694fe20 0000000111df583f
0x000000011694fdd0:   00007f9424869000 000000011694fdd0
0x000000011694fde0:   00007f9429d33f60 00000007f3c67e18
0x000000011694fdf0:   4900a16476b46963 00000007f3c67e18
0x000000011694fe00:   00007f94248691d8 0000000000000001
0x000000011694fe10:   000000011694ff18 0000000000000001
0x000000011694fe20:   000000011694fe70 0000000111df598c
0x000000011694fe30:   000000011694fe30 00007f9429d33f60
0x000000011694fe40:   00007f94240bf038 00000007fb8802e0
0x000000011694fe50:   0000000000000000 00000007fb8802e0
0x000000011694fe60:   000000011694ff30 00007f9424869000
0x000000011694fe70:   000000011694fef0 000000010dbbdf90
0x000000011694fe80:   0000000000000000 0000000000000000
0x000000011694fe90:   0000000000000000 0000000000000000
0x000000011694fea0:   00000007f3c67e38 00007f9424869000
0x000000011694feb0:   000000011694feb0 0000000000000000
0x000000011694fec0:   000000011694ff30 00000007fb880710
0x000000011694fed0:   0000000000000000 00000007fb8802e0
0x000000011694fee0:   0000000000000000 000000011694ff10 

Instructions: (pc=0x00007fff897fa8f3)
0x00007fff897fa8d3:   e5 48 8b 7e 10 5d e9 42 4d fa ff 66 90 55 48 89
0x00007fff897fa8e3:   e5 41 57 41 56 53 50 41 b6 01 40 f6 c6 01 75 40
0x00007fff897fa8f3:   48 8b 06 45 30 ff 48 85 c0 74 38 48 3b 05 c3 2a
0x00007fff897fa903:   bb eb 74 2f 31 db 48 81 ff ff 03 00 00 77 0b 48 

Register to memory mapping:

RAX=0x00007fff74d59288: _ZN7TCFBaseI5TFontE7fTypeIDE+0 in /System/Library/Frameworks/CoreText.framework/Versions/A/CoreText at 0x00007fff8626a000
RBX=0x0000000000000000 is an unknown value
RCX=0x0000000000000001 is an unknown value
RDX=0x000000011694fdc0 is pointing into the stack for thread: 0x00007f9424869000
RSP=0x000000011694fcf0 is pointing into the stack for thread: 0x00007f9424869000
RBP=0x000000011694fd10 is pointing into the stack for thread: 0x00007f9424869000
RSI=0x000b7f9422e4a7c0 is an unknown value
RDI=0x0000000000000127 is an unknown value
R8 =0x0000000000000001 is an unknown value
R9 =0x000000011694ff10 is pointing into the stack for thread: 0x00007f9424869000
R10=0x000000010dbbdf64 is an Interpreter codelet
method entry point (kind = native)  [0x000000010dbbdd00, 0x000000010dbbe540]  2112 bytes
R11=0x000000010d40923b: throw_unsatisfied_link_error+0 in /Library/Java/JavaVirtualMachines/jdk1.7.0_25.jdk/Contents/Home/jre/lib/server/libjvm.dylib at 0x000000010d000000
R12=
[error occurred during error reporting (printing register info), id 0xb]

Stack: [0x0000000116853000,0x0000000116953000],  sp=0x000000011694fcf0,  free space=1011k
Native frames: (J=compiled Java code, j=interpreted, Vv=VM code, C=native code)
C  [CoreFoundation+0x748f3]  _CFIsObjC+0x13
C  [CoreText+0x18b76]  CTFontGetGlyphsForCharacters+0x40
C  [liblwawt.dylib+0x1722f]  CTS_GetGlyphsAsIntsForCharacters+0x3d
C  [liblwawt.dylib+0x1486a]  AllocateGlyphBuffer+0x7b
C  [liblwawt.dylib+0x1498c]  Java_sun_font_CCharToGlyphMapper_nativeCharsToGlyphs+0x76
j  sun.font.CCharToGlyphMapper.nativeCharsToGlyphs(JI[C[I)V+0
j  sun.font.CCharToGlyphMapper.access$000(JI[C[I)V+5
j  sun.font.CCharToGlyphMapper$Cache.get(I[C[I)V+197
j  sun.font.CCharToGlyphMapper.charsToGlyphs(I[C[I)V+7
j  sun.font.CCharToGlyphMapper.charsToGlyphsNS(I[C[I)Z+4
j  sun.font.GlyphList.mapChars(Lsun/java2d/loops/FontInfo;I)Z+16
j  sun.font.GlyphList.setFromString(Lsun/java2d/loops/FontInfo;Ljava/lang/String;FF)Z+71
j  sun.java2d.pipe.GlyphListPipe.drawString(Lsun/java2d/SunGraphics2D;Ljava/lang/String;DD)V+148
j  sun.java2d.SunGraphics2D.drawString(Ljava/lang/String;FF)V+66
j  fr.edu.bp.m1info.swing.design.DesignGeometric2D.draw(Lfr/edu/bp/m1info/structure/geometric/plane/Message;)Ljava/awt/Shape;+68
j  fr.edu.bp.m1info.structure.geometric.plane.Message.draw(Lfr/edu/bp/m1info/structure/design/Graphics;)V+3
j  fr.edu.bp.m1info.structure.geometric.graph.shape.edge.EdgeName.draw(Lfr/edu/bp/m1info/structure/design/Graphics;)V+182
j  fr.edu.bp.m1info.structure.geometric.graph.shape.edge.EdgeDecorator.draw(Lfr/edu/bp/m1info/structure/design/Graphics;)V+5
j  fr.edu.bp.m1info.structure.geometric.graph.shape.edge.EdgeDirected.draw(Lfr/edu/bp/m1info/structure/design/Graphics;)V+2
j  fr.edu.bp.m1info.structure.graph.edge.AbstractEdge.draw(Lfr/edu/bp/m1info/structure/design/Graphics;)V+5
j  fr.edu.bp.m1info.swing.design.GraphCanvas.paint(Ljava/awt/Graphics;)V+118
j  fr.edu.bp.m1info.swing.design.GraphCanvas.update(Ljava/awt/Graphics;)V+2
j  sun.awt.RepaintArea.updateComponent(Ljava/awt/Component;Ljava/awt/Graphics;)V+6
j  sun.lwawt.LWRepaintArea.updateComponent(Ljava/awt/Component;Ljava/awt/Graphics;)V+7
j  sun.awt.RepaintArea.paint(Ljava/lang/Object;Z)V+263
j  sun.lwawt.LWComponentPeer.handleJavaPaintEvent()V+19
j  sun.lwawt.LWComponentPeer.handleEvent(Ljava/awt/AWTEvent;)V+84
j  java.awt.Component.dispatchEventImpl(Ljava/awt/AWTEvent;)V+869
j  java.awt.Component.dispatchEvent(Ljava/awt/AWTEvent;)V+2
j  java.awt.EventQueue.dispatchEventImpl(Ljava/awt/AWTEvent;Ljava/lang/Object;)V+41
j  java.awt.EventQueue.access$200(Ljava/awt/EventQueue;Ljava/awt/AWTEvent;Ljava/lang/Object;)V+3
j  java.awt.EventQueue$3.run()Ljava/lang/Void;+12
j  java.awt.EventQueue$3.run()Ljava/lang/Object;+1
v  ~StubRoutines::call_stub
V  [libjvm.dylib+0x28a5c3]
V  [libjvm.dylib+0x28a390]
V  [libjvm.dylib+0x2c5a8f]
j  java.security.AccessController.doPrivileged(Ljava/security/PrivilegedAction;Ljava/security/AccessControlContext;)Ljava/lang/Object;+0
j  java.security.ProtectionDomain$1.doIntersectionPrivilege(Ljava/security/PrivilegedAction;Ljava/security/AccessControlContext;Ljava/security/AccessControlContext;)Ljava/lang/Object;+28
j  java.security.ProtectionDomain$1.doIntersectionPrivilege(Ljava/security/PrivilegedAction;Ljava/security/AccessControlContext;)Ljava/lang/Object;+6
j  java.awt.EventQueue$4.run()Ljava/lang/Void;+11
j  java.awt.EventQueue$4.run()Ljava/lang/Object;+1
v  ~StubRoutines::call_stub
V  [libjvm.dylib+0x28a5c3]
V  [libjvm.dylib+0x28a390]
V  [libjvm.dylib+0x2c5a8f]
j  java.security.AccessController.doPrivileged(Ljava/security/PrivilegedAction;Ljava/security/AccessControlContext;)Ljava/lang/Object;+0
j  java.security.ProtectionDomain$1.doIntersectionPrivilege(Ljava/security/PrivilegedAction;Ljava/security/AccessControlContext;Ljava/security/AccessControlContext;)Ljava/lang/Object;+28
j  java.awt.EventQueue.dispatchEvent(Ljava/awt/AWTEvent;)V+73
j  java.awt.EventDispatchThread.pumpOneEventForFilters(I)V+245
j  java.awt.EventDispatchThread.pumpEventsForFilter(ILjava/awt/Conditional;Ljava/awt/EventFilter;)V+35
j  java.awt.EventDispatchThread.pumpEventsForFilter(Ljava/awt/Conditional;Ljava/awt/EventFilter;)V+4
j  java.awt.WaitDispatchSupport$2.run()V+59
j  java.awt.event.InvocationEvent.dispatch()V+47
j  java.awt.EventQueue.dispatchEventImpl(Ljava/awt/AWTEvent;Ljava/lang/Object;)V+21
j  java.awt.EventQueue.access$200(Ljava/awt/EventQueue;Ljava/awt/AWTEvent;Ljava/lang/Object;)V+3
j  java.awt.EventQueue$3.run()Ljava/lang/Void;+12
j  java.awt.EventQueue$3.run()Ljava/lang/Object;+1
v  ~StubRoutines::call_stub
V  [libjvm.dylib+0x28a5c3]
V  [libjvm.dylib+0x28a390]
V  [libjvm.dylib+0x2c5a8f]
j  java.security.AccessController.doPrivileged(Ljava/security/PrivilegedAction;Ljava/security/AccessControlContext;)Ljava/lang/Object;+0
j  java.security.ProtectionDomain$1.doIntersectionPrivilege(Ljava/security/PrivilegedAction;Ljava/security/AccessControlContext;Ljava/security/AccessControlContext;)Ljava/lang/Object;+28
j  java.awt.EventQueue.dispatchEvent(Ljava/awt/AWTEvent;)V+46
j  java.awt.EventDispatchThread.pumpOneEventForFilters(I)V+245
j  java.awt.EventDispatchThread.pumpEventsForFilter(ILjava/awt/Conditional;Ljava/awt/EventFilter;)V+35
j  java.awt.EventDispatchThread.pumpEventsForHierarchy(ILjava/awt/Conditional;Ljava/awt/Component;)V+11
j  java.awt.EventDispatchThread.pumpEvents(ILjava/awt/Conditional;)V+4
j  java.awt.EventDispatchThread.pumpEvents(Ljava/awt/Conditional;)V+3
j  java.awt.EventDispatchThread.run()V+9
v  ~StubRoutines::call_stub
V  [libjvm.dylib+0x28a5c3]
V  [libjvm.dylib+0x28aaa2]
V  [libjvm.dylib+0x28abdc]
V  [libjvm.dylib+0x2c1868]
V  [libjvm.dylib+0x47cbd8]
V  [libjvm.dylib+0x47e0ca]
V  [libjvm.dylib+0x3b95f9]
C  [libsystem_pthread.dylib+0x1899]  _pthread_body+0x8a
C  [libsystem_pthread.dylib+0x172a]  _pthread_struct_init+0x0
C  [libsystem_pthread.dylib+0x5fc9]  thread_start+0xd

Java frames: (J=compiled Java code, j=interpreted, Vv=VM code)
j  sun.font.CCharToGlyphMapper.nativeCharsToGlyphs(JI[C[I)V+0
j  sun.font.CCharToGlyphMapper.access$000(JI[C[I)V+5
j  sun.font.CCharToGlyphMapper$Cache.get(I[C[I)V+197
j  sun.font.CCharToGlyphMapper.charsToGlyphs(I[C[I)V+7
j  sun.font.CCharToGlyphMapper.charsToGlyphsNS(I[C[I)Z+4
j  sun.font.GlyphList.mapChars(Lsun/java2d/loops/FontInfo;I)Z+16
j  sun.font.GlyphList.setFromString(Lsun/java2d/loops/FontInfo;Ljava/lang/String;FF)Z+71
j  sun.java2d.pipe.GlyphListPipe.drawString(Lsun/java2d/SunGraphics2D;Ljava/lang/String;DD)V+148
j  sun.java2d.SunGraphics2D.drawString(Ljava/lang/String;FF)V+66
j  fr.edu.bp.m1info.swing.design.DesignGeometric2D.draw(Lfr/edu/bp/m1info/structure/geometric/plane/Message;)Ljava/awt/Shape;+68
j  fr.edu.bp.m1info.structure.geometric.plane.Message.draw(Lfr/edu/bp/m1info/structure/design/Graphics;)V+3
j  fr.edu.bp.m1info.structure.geometric.graph.shape.edge.EdgeName.draw(Lfr/edu/bp/m1info/structure/design/Graphics;)V+182
j  fr.edu.bp.m1info.structure.geometric.graph.shape.edge.EdgeDecorator.draw(Lfr/edu/bp/m1info/structure/design/Graphics;)V+5
j  fr.edu.bp.m1info.structure.geometric.graph.shape.edge.EdgeDirected.draw(Lfr/edu/bp/m1info/structure/design/Graphics;)V+2
j  fr.edu.bp.m1info.structure.graph.edge.AbstractEdge.draw(Lfr/edu/bp/m1info/structure/design/Graphics;)V+5
j  fr.edu.bp.m1info.swing.design.GraphCanvas.paint(Ljava/awt/Graphics;)V+118
j  fr.edu.bp.m1info.swing.design.GraphCanvas.update(Ljava/awt/Graphics;)V+2
j  sun.awt.RepaintArea.updateComponent(Ljava/awt/Component;Ljava/awt/Graphics;)V+6
j  sun.lwawt.LWRepaintArea.updateComponent(Ljava/awt/Component;Ljava/awt/Graphics;)V+7
j  sun.awt.RepaintArea.paint(Ljava/lang/Object;Z)V+263
j  sun.lwawt.LWComponentPeer.handleJavaPaintEvent()V+19
j  sun.lwawt.LWComponentPeer.handleEvent(Ljava/awt/AWTEvent;)V+84
j  java.awt.Component.dispatchEventImpl(Ljava/awt/AWTEvent;)V+869
j  java.awt.Component.dispatchEvent(Ljava/awt/AWTEvent;)V+2
j  java.awt.EventQueue.dispatchEventImpl(Ljava/awt/AWTEvent;Ljava/lang/Object;)V+41
j  java.awt.EventQueue.access$200(Ljava/awt/EventQueue;Ljava/awt/AWTEvent;Ljava/lang/Object;)V+3
j  java.awt.EventQueue$3.run()Ljava/lang/Void;+12
j  java.awt.EventQueue$3.run()Ljava/lang/Object;+1
v  ~StubRoutines::call_stub
j  java.security.AccessController.doPrivileged(Ljava/security/PrivilegedAction;Ljava/security/AccessControlContext;)Ljava/lang/Object;+0
j  java.security.ProtectionDomain$1.doIntersectionPrivilege(Ljava/security/PrivilegedAction;Ljava/security/AccessControlContext;Ljava/security/AccessControlContext;)Ljava/lang/Object;+28
j  java.security.ProtectionDomain$1.doIntersectionPrivilege(Ljava/security/PrivilegedAction;Ljava/security/AccessControlContext;)Ljava/lang/Object;+6
j  java.awt.EventQueue$4.run()Ljava/lang/Void;+11
j  java.awt.EventQueue$4.run()Ljava/lang/Object;+1
v  ~StubRoutines::call_stub
j  java.security.AccessController.doPrivileged(Ljava/security/PrivilegedAction;Ljava/security/AccessControlContext;)Ljava/lang/Object;+0
j  java.security.ProtectionDomain$1.doIntersectionPrivilege(Ljava/security/PrivilegedAction;Ljava/security/AccessControlContext;Ljava/security/AccessControlContext;)Ljava/lang/Object;+28
j  java.awt.EventQueue.dispatchEvent(Ljava/awt/AWTEvent;)V+73
j  java.awt.EventDispatchThread.pumpOneEventForFilters(I)V+245
j  java.awt.EventDispatchThread.pumpEventsForFilter(ILjava/awt/Conditional;Ljava/awt/EventFilter;)V+35
j  java.awt.EventDispatchThread.pumpEventsForFilter(Ljava/awt/Conditional;Ljava/awt/EventFilter;)V+4
j  java.awt.WaitDispatchSupport$2.run()V+59
j  java.awt.event.InvocationEvent.dispatch()V+47
j  java.awt.EventQueue.dispatchEventImpl(Ljava/awt/AWTEvent;Ljava/lang/Object;)V+21
j  java.awt.EventQueue.access$200(Ljava/awt/EventQueue;Ljava/awt/AWTEvent;Ljava/lang/Object;)V+3
j  java.awt.EventQueue$3.run()Ljava/lang/Void;+12
j  java.awt.EventQueue$3.run()Ljava/lang/Object;+1
v  ~StubRoutines::call_stub
j  java.security.AccessController.doPrivileged(Ljava/security/PrivilegedAction;Ljava/security/AccessControlContext;)Ljava/lang/Object;+0
j  java.security.ProtectionDomain$1.doIntersectionPrivilege(Ljava/security/PrivilegedAction;Ljava/security/AccessControlContext;Ljava/security/AccessControlContext;)Ljava/lang/Object;+28
j  java.awt.EventQueue.dispatchEvent(Ljava/awt/AWTEvent;)V+46
j  java.awt.EventDispatchThread.pumpOneEventForFilters(I)V+245
j  java.awt.EventDispatchThread.pumpEventsForFilter(ILjava/awt/Conditional;Ljava/awt/EventFilter;)V+35
j  java.awt.EventDispatchThread.pumpEventsForHierarchy(ILjava/awt/Conditional;Ljava/awt/Component;)V+11
j  java.awt.EventDispatchThread.pumpEvents(ILjava/awt/Conditional;)V+4
j  java.awt.EventDispatchThread.pumpEvents(Ljava/awt/Conditional;)V+3
j  java.awt.EventDispatchThread.run()V+9
v  ~StubRoutines::call_stub

---------------  P R O C E S S  ---------------

Java Threads: ( => current thread )
  0x00007f9424087000 JavaThread "Thread-3" [_thread_blocked, id=10555, stack(0x000000011ceea000,0x000000011cfea000)]
  0x00007f94240fe800 JavaThread "Thread-2" [_thread_blocked, id=25683, stack(0x000000011cde7000,0x000000011cee7000)]
  0x00007f94240b8000 JavaThread "TimerQueue" daemon [_thread_blocked, id=57155, stack(0x000000011db30000,0x000000011dc30000)]
  0x00007f94258fb000 JavaThread "DestroyJavaVM" [_thread_blocked, id=5891, stack(0x000000010daaa000,0x000000010dbaa000)]
=>0x00007f9424869000 JavaThread "AWT-EventQueue-0" [_thread_in_native, id=45827, stack(0x0000000116853000,0x0000000116953000)]
  0x00007f9424862000 JavaThread "Java2D Disposer" daemon [_thread_blocked, id=45315, stack(0x00000001165ca000,0x00000001166ca000)]
  0x00007f94258d4000 JavaThread "Java2D Queue Flusher" daemon [_thread_blocked, id=43271, stack(0x000000011606d000,0x000000011616d000)]
  0x00007f94258b6000 JavaThread "AWT-Shutdown" [_thread_blocked, id=17159, stack(0x0000000111eb1000,0x0000000111fb1000)]
  0x00007f94258b4000 JavaThread "AppKit Thread" daemon [_thread_in_native, id=1287, stack(0x00007fff53d0b000,0x00007fff53d8b000)]
  0x00007f94258b3800 JavaThread "Monitor Ctrl-Break" daemon [_thread_in_native, id=15875, stack(0x0000000111b06000,0x0000000111c06000)]
  0x00007f9425836000 JavaThread "Service Thread" daemon [_thread_blocked, id=15363, stack(0x00000001116e8000,0x00000001117e8000)]
  0x00007f9425835000 JavaThread "C2 CompilerThread1" daemon [_thread_blocked, id=15107, stack(0x00000001115e5000,0x00000001116e5000)]
  0x00007f9425820800 JavaThread "C2 CompilerThread0" daemon [_thread_blocked, id=14851, stack(0x00000001114e2000,0x00000001115e2000)]
  0x00007f9425820000 JavaThread "Signal Dispatcher" daemon [_thread_blocked, id=14595, stack(0x00000001113df000,0x00000001114df000)]
  0x00007f9423831000 JavaThread "Finalizer" daemon [_thread_blocked, id=9731, stack(0x000000011119d000,0x000000011129d000)]
  0x00007f9424014800 JavaThread "Reference Handler" daemon [_thread_blocked, id=9475, stack(0x000000011109a000,0x000000011119a000)]

Other Threads:
  0x00007f9424012000 VMThread [stack: 0x0000000110f97000,0x0000000111097000] [id=9219]
  0x00007f942581f000 WatcherThread [stack: 0x00000001117eb000,0x00000001118eb000] [id=15619]

VM state:not at safepoint (normal execution)

VM Mutex/Monitor currently owned by a thread: None

Heap
 def new generation   total 17920K, used 14354K [0x00000007f3000000, 0x00000007f4370000, 0x00000007f5a00000)
  eden space 15936K,  81% used [0x00000007f3000000, 0x00000007f3cae158, 0x00000007f3f90000)
  from space 1984K,  69% used [0x00000007f3f90000, 0x00000007f40e6710, 0x00000007f4180000)
  to   space 1984K,   0% used [0x00000007f4180000, 0x00000007f4180000, 0x00000007f4370000)
 tenured generation   total 39744K, used 35761K [0x00000007f5a00000, 0x00000007f80d0000, 0x00000007fae00000)
   the space 39744K,  89% used [0x00000007f5a00000, 0x00000007f7cec7b8, 0x00000007f7cec800, 0x00000007f80d0000)
 compacting perm gen  total 21248K, used 16306K [0x00000007fae00000, 0x00000007fc2c0000, 0x0000000800000000)
   the space 21248K,  76% used [0x00000007fae00000, 0x00000007fbdec8e0, 0x00000007fbdeca00, 0x00000007fc2c0000)
No shared spaces configured.

Card table byte_map: [0x0000000110c6c000,0x0000000110cd5000] byte_map_base: 0x000000010ccd4000

Polling page: 0x000000010bfc6000

Code Cache  [0x000000010dbac000, 0x000000010de1c000, 0x0000000110bac000)
 total_blobs=787 nmethods=294 adapters=445 free_code_cache=48060Kb largest_free_block=49151744

Compilation events (10 events):
Event: 54.846 Thread 0x00007f9425820800  297   !         sun.awt.PostEventQueue::flush (84 bytes)
Event: 54.846 Thread 0x00007f9425835000  296   !         sun.awt.SunToolkit::flushPendingEvents (73 bytes)
Event: 54.849 Thread 0x00007f9425820800 nmethod 297 0x000000010dc8b810 code [0x000000010dc8b960, 0x000000010dc8bc78]
Event: 54.852 Thread 0x00007f9425835000 nmethod 296 0x000000010dc74e90 code [0x000000010dc75060, 0x000000010dc75600]
Event: 55.059 Thread 0x00007f9425820800  298             sun.java2d.SunGraphics2D::setColor (108 bytes)
Event: 55.062 Thread 0x00007f9425820800 nmethod 298 0x000000010dc74950 code [0x000000010dc74ac0, 0x000000010dc74cf8]
Event: 55.414 Thread 0x00007f9425835000  299             javax.swing.JComponent::getX (5 bytes)
Event: 55.414 Thread 0x00007f9425820800  300             javax.swing.JComponent::getY (5 bytes)
Event: 55.415 Thread 0x00007f9425820800 nmethod 300 0x000000010dc76110 code [0x000000010dc76240, 0x000000010dc76298]
Event: 55.415 Thread 0x00007f9425835000 nmethod 299 0x000000010dc75f10 code [0x000000010dc76040, 0x000000010dc76098]

GC Heap History (10 events):
Event: 52.471 GC heap before
{Heap before GC invocations=23 (full 6):
 def new generation   total 8704K, used 8703K [0x00000007f3000000, 0x00000007f3970000, 0x00000007f5a00000)
  eden space 7744K, 100% used [0x00000007f3000000, 0x00000007f3790000, 0x00000007f3790000)
  from space 960K,  99% used [0x00000007f3790000, 0x00000007f387fff8, 0x00000007f3880000)
  to   space 960K,   0% used [0x00000007f3880000, 0x00000007f3880000, 0x00000007f3970000)
 tenured generation   total 19192K, used 18094K [0x00000007f5a00000, 0x00000007f6cbe000, 0x00000007fae00000)
   the space 19192K,  94% used [0x00000007f5a00000, 0x00000007f6babaa0, 0x00000007f6babc00, 0x00000007f6cbe000)
 compacting perm gen  total 21248K, used 16290K [0x00000007fae00000, 0x00000007fc2c0000, 0x0000000800000000)
   the space 21248K,  76% used [0x00000007fae00000, 0x00000007fbde8a70, 0x00000007fbde8c00, 0x00000007fc2c0000)
No shared spaces configured.
Event: 52.534 GC heap after
Heap after GC invocations=24 (full 7):
 def new generation   total 17920K, used 0K [0x00000007f3000000, 0x00000007f4370000, 0x00000007f5a00000)
  eden space 15936K,   0% used [0x00000007f3000000, 0x00000007f3000000, 0x00000007f3f90000)
  from space 1984K,   0% used [0x00000007f3f90000, 0x00000007f3f90000, 0x00000007f4180000)
  to   space 1984K,   0% used [0x00000007f4180000, 0x00000007f4180000, 0x00000007f4370000)
 tenured generation   total 39744K, used 23845K [0x00000007f5a00000, 0x00000007f80d0000, 0x00000007fae00000)
   the space 39744K,  59% used [0x00000007f5a00000, 0x00000007f7149610, 0x00000007f7149800, 0x00000007f80d0000)
 compacting perm gen  total 21248K, used 16290K [0x00000007fae00000, 0x00000007fc2c0000, 0x0000000800000000)
   the space 21248K,  76% used [0x00000007fae00000, 0x00000007fbde8a70, 0x00000007fbde8c00, 0x00000007fc2c0000)
No shared spaces configured.
}
Event: 52.876 GC heap before
{Heap before GC invocations=24 (full 7):
 def new generation   total 17920K, used 15936K [0x00000007f3000000, 0x00000007f4370000, 0x00000007f5a00000)
  eden space 15936K, 100% used [0x00000007f3000000, 0x00000007f3f90000, 0x00000007f3f90000)
  from space 1984K,   0% used [0x00000007f3f90000, 0x00000007f3f90000, 0x00000007f4180000)
  to   space 1984K,   0% used [0x00000007f4180000, 0x00000007f4180000, 0x00000007f4370000)
 tenured generation   total 39744K, used 23845K [0x00000007f5a00000, 0x00000007f80d0000, 0x00000007fae00000)
   the space 39744K,  59% used [0x00000007f5a00000, 0x00000007f7149610, 0x00000007f7149800, 0x00000007f80d0000)
 compacting perm gen  total 21248K, used 16290K [0x00000007fae00000, 0x00000007fc2c0000, 0x0000000800000000)
   the space 21248K,  76% used [0x00000007fae00000, 0x00000007fbde8a70, 0x00000007fbde8c00, 0x00000007fc2c0000)
No shared spaces configured.
Event: 52.877 GC heap after
Heap after GC invocations=25 (full 7):
 def new generation   total 17920K, used 1K [0x00000007f3000000, 0x00000007f4370000, 0x00000007f5a00000)
  eden space 15936K,   0% used [0x00000007f3000000, 0x00000007f3000000, 0x00000007f3f90000)
  from space 1984K,   0% used [0x00000007f4180000, 0x00000007f4180430, 0x00000007f4370000)
  to   space 1984K,   0% used [0x00000007f3f90000, 0x00000007f3f90000, 0x00000007f4180000)
 tenured generation   total 39744K, used 23845K [0x00000007f5a00000, 0x00000007f80d0000, 0x00000007fae00000)
   the space 39744K,  59% used [0x00000007f5a00000, 0x00000007f7149610, 0x00000007f7149800, 0x00000007f80d0000)
 compacting perm gen  total 21248K, used 16290K [0x00000007fae00000, 0x00000007fc2c0000, 0x0000000800000000)
   the space 21248K,  76% used [0x00000007fae00000, 0x00000007fbde8a70, 0x00000007fbde8c00, 0x00000007fc2c0000)
No shared spaces configured.
}
Event: 53.225 GC heap before
{Heap before GC invocations=25 (full 7):
 def new generation   total 17920K, used 15937K [0x00000007f3000000, 0x00000007f4370000, 0x00000007f5a00000)
  eden space 15936K, 100% used [0x00000007f3000000, 0x00000007f3f90000, 0x00000007f3f90000)
  from space 1984K,   0% used [0x00000007f4180000, 0x00000007f4180430, 0x00000007f4370000)
  to   space 1984K,   0% used [0x00000007f3f90000, 0x00000007f3f90000, 0x00000007f4180000)
 tenured generation   total 39744K, used 23845K [0x00000007f5a00000, 0x00000007f80d0000, 0x00000007fae00000)
   the space 39744K,  59% used [0x00000007f5a00000, 0x00000007f7149610, 0x00000007f7149800, 0x00000007f80d0000)
 compacting perm gen  total 21248K, used 16300K [0x00000007fae00000, 0x00000007fc2c0000, 0x0000000800000000)
   the space 21248K,  76% used [0x00000007fae00000, 0x00000007fbdeb1a0, 0x00000007fbdeb200, 0x00000007fc2c0000)
No shared spaces configured.
Event: 53.232 GC heap after
Heap after GC invocations=26 (full 7):
 def new generation   total 17920K, used 1542K [0x00000007f3000000, 0x00000007f4370000, 0x00000007f5a00000)
  eden space 15936K,   0% used [0x00000007f3000000, 0x00000007f3000000, 0x00000007f3f90000)
  from space 1984K,  77% used [0x00000007f3f90000, 0x00000007f41118a8, 0x00000007f4180000)
  to   space 1984K,   0% used [0x00000007f4180000, 0x00000007f4180000, 0x00000007f4370000)
 tenured generation   total 39744K, used 28570K [0x00000007f5a00000, 0x00000007f80d0000, 0x00000007fae00000)
   the space 39744K,  71% used [0x00000007f5a00000, 0x00000007f75e6a20, 0x00000007f75e6c00, 0x00000007f80d0000)
 compacting perm gen  total 21248K, used 16300K [0x00000007fae00000, 0x00000007fc2c0000, 0x0000000800000000)
   the space 21248K,  76% used [0x00000007fae00000, 0x00000007fbdeb1a0, 0x00000007fbdeb200, 0x00000007fc2c0000)
No shared spaces configured.
}
Event: 53.648 GC heap before
{Heap before GC invocations=26 (full 7):
 def new generation   total 17920K, used 17478K [0x00000007f3000000, 0x00000007f4370000, 0x00000007f5a00000)
  eden space 15936K, 100% used [0x00000007f3000000, 0x00000007f3f90000, 0x00000007f3f90000)
  from space 1984K,  77% used [0x00000007f3f90000, 0x00000007f41118a8, 0x00000007f4180000)
  to   space 1984K,   0% used [0x00000007f4180000, 0x00000007f4180000, 0x00000007f4370000)
 tenured generation   total 39744K, used 28570K [0x00000007f5a00000, 0x00000007f80d0000, 0x00000007fae00000)
   the space 39744K,  71% used [0x00000007f5a00000, 0x00000007f75e6a20, 0x00000007f75e6c00, 0x00000007f80d0000)
 compacting perm gen  total 21248K, used 16301K [0x00000007fae00000, 0x00000007fc2c0000, 0x0000000800000000)
   the space 21248K,  76% used [0x00000007fae00000, 0x00000007fbdeb438, 0x00000007fbdeb600, 0x00000007fc2c0000)
No shared spaces configured.
Event: 53.655 GC heap after
Heap after GC invocations=27 (full 7):
 def new generation   total 17920K, used 993K [0x00000007f3000000, 0x00000007f4370000, 0x00000007f5a00000)
  eden space 15936K,   0% used [0x00000007f3000000, 0x00000007f3000000, 0x00000007f3f90000)
  from space 1984K,  50% used [0x00000007f4180000, 0x00000007f4278450, 0x00000007f4370000)
  to   space 1984K,   0% used [0x00000007f3f90000, 0x00000007f3f90000, 0x00000007f4180000)
 tenured generation   total 39744K, used 30112K [0x00000007f5a00000, 0x00000007f80d0000, 0x00000007fae00000)
   the space 39744K,  75% used [0x00000007f5a00000, 0x00000007f77682c8, 0x00000007f7768400, 0x00000007f80d0000)
 compacting perm gen  total 21248K, used 16301K [0x00000007fae00000, 0x00000007fc2c0000, 0x0000000800000000)
   the space 21248K,  76% used [0x00000007fae00000, 0x00000007fbdeb438, 0x00000007fbdeb600, 0x00000007fc2c0000)
No shared spaces configured.
}
Event: 53.899 GC heap before
{Heap before GC invocations=27 (full 7):
 def new generation   total 17920K, used 16929K [0x00000007f3000000, 0x00000007f4370000, 0x00000007f5a00000)
  eden space 15936K, 100% used [0x00000007f3000000, 0x00000007f3f90000, 0x00000007f3f90000)
  from space 1984K,  50% used [0x00000007f4180000, 0x00000007f4278450, 0x00000007f4370000)
  to   space 1984K,   0% used [0x00000007f3f90000, 0x00000007f3f90000, 0x00000007f4180000)
 tenured generation   total 39744K, used 30112K [0x00000007f5a00000, 0x00000007f80d0000, 0x00000007fae00000)
   the space 39744K,  75% used [0x00000007f5a00000, 0x00000007f77682c8, 0x00000007f7768400, 0x00000007f80d0000)
 compacting perm gen  total 21248K, used 16303K [0x00000007fae00000, 0x00000007fc2c0000, 0x0000000800000000)
   the space 21248K,  76% used [0x00000007fae00000, 0x00000007fbdebf98, 0x00000007fbdec000, 0x00000007fc2c0000)
No shared spaces configured.
Event: 53.907 GC heap after
Heap after GC invocations=28 (full 7):
 def new generation   total 17920K, used 1369K [0x00000007f3000000, 0x00000007f4370000, 0x00000007f5a00000)
  eden space 15936K,   0% used [0x00000007f3000000, 0x00000007f3000000, 0x00000007f3f90000)
  from space 1984K,  69% used [0x00000007f3f90000, 0x00000007f40e6710, 0x00000007f4180000)
  to   space 1984K,   0% used [0x00000007f4180000, 0x00000007f4180000, 0x00000007f4370000)
 tenured generation   total 39744K, used 35761K [0x00000007f5a00000, 0x00000007f80d0000, 0x00000007fae00000)
   the space 39744K,  89% used [0x00000007f5a00000, 0x00000007f7cec7b8, 0x00000007f7cec800, 0x00000007f80d0000)
 compacting perm gen  total 21248K, used 16303K [0x00000007fae00000, 0x00000007fc2c0000, 0x0000000800000000)
   the space 21248K,  76% used [0x00000007fae00000, 0x00000007fbdebf98, 0x00000007fbdec000, 0x00000007fc2c0000)
No shared spaces configured.
}

Deoptimization events (10 events):
Event: 52.902 Thread 0x00007f9424869000 Uncommon trap -83 fr.pc 0x000000010dc9f348
Event: 52.902 Thread 0x00007f9424869000 Uncommon trap -83 fr.pc 0x000000010dc9f348
Event: 52.902 Thread 0x00007f9424869000 Uncommon trap -83 fr.pc 0x000000010dc9f348
Event: 52.902 Thread 0x00007f9424869000 Uncommon trap -83 fr.pc 0x000000010dc9f348
Event: 52.902 Thread 0x00007f9424869000 Uncommon trap -83 fr.pc 0x000000010dc9f348
Event: 52.902 Thread 0x00007f9424869000 Uncommon trap -83 fr.pc 0x000000010dc9f348
Event: 52.902 Thread 0x00007f9424869000 Uncommon trap -83 fr.pc 0x000000010dc9f348
Event: 52.902 Thread 0x00007f9424869000 Uncommon trap -83 fr.pc 0x000000010dc9f348
Event: 52.902 Thread 0x00007f9424869000 Uncommon trap -83 fr.pc 0x000000010dc9f348
Event: 53.543 Thread 0x00007f9424869000 Uncommon trap -83 fr.pc 0x000000010dc9041c

Internal exceptions (10 events):
Event: 13.430 Thread 0x00007f9424869000 Implicit null exception at 0x000000010dc754ef to 0x000000010dc77569
Event: 13.447 Thread 0x00007f9424869000 Threw 0x00000007f3028168 at /HUDSON/workspace/jdk7u25-2-build-macosx-amd64-product/jdk7u25/hotspot/src/share/vm/prims/jvm.cpp:1235
Event: 14.404 Thread 0x00007f9424869000 Threw 0x00000007f30fa788 at /HUDSON/workspace/jdk7u25-2-build-macosx-amd64-product/jdk7u25/hotspot/src/share/vm/prims/jvm.cpp:1235
Event: 14.405 Thread 0x00007f94241a7800 Threw 0x00000007f3108ed8 at /HUDSON/workspace/jdk7u25-2-build-macosx-amd64-product/jdk7u25/hotspot/src/share/vm/prims/jvm.cpp:1235
Event: 14.406 Thread 0x00007f94241a7800 Threw 0x00000007f3113380 at /HUDSON/workspace/jdk7u25-2-build-macosx-amd64-product/jdk7u25/hotspot/src/share/vm/prims/jvm.cpp:1235
Event: 14.407 Thread 0x00007f94241a7800 Threw 0x00000007f311cac8 at /HUDSON/workspace/jdk7u25-2-build-macosx-amd64-product/jdk7u25/hotspot/src/share/vm/prims/jvm.cpp:1235
Event: 14.407 Thread 0x00007f94241a7800 Threw 0x00000007f3123f28 at /HUDSON/workspace/jdk7u25-2-build-macosx-amd64-product/jdk7u25/hotspot/src/share/vm/prims/jvm.cpp:1235
Event: 14.408 Thread 0x00007f94241a7800 Threw 0x00000007f312b0b0 at /HUDSON/workspace/jdk7u25-2-build-macosx-amd64-product/jdk7u25/hotspot/src/share/vm/prims/jvm.cpp:1235
Event: 14.414 Thread 0x00007f9424869000 Implicit null exception at 0x000000010dc8770f to 0x000000010dc877f5
Event: 53.543 Thread 0x00007f9424869000 Implicit null exception at 0x000000010dc8e9c2 to 0x000000010dc9040d

Events (10 events):
Event: 54.248 Executing VM operation: RevokeBias
Event: 54.248 Executing VM operation: RevokeBias done
Event: 54.248 Executing VM operation: RevokeBias
Event: 54.248 Executing VM operation: RevokeBias done
Event: 54.248 Executing VM operation: RevokeBias
Event: 54.248 Executing VM operation: RevokeBias done
Event: 54.846 Executing VM operation: RevokeBias
Event: 54.846 Executing VM operation: RevokeBias done
Event: 54.863 Executing VM operation: RevokeBias
Event: 54.863 Executing VM operation: RevokeBias done


Dynamic libraries:
0x0000000004b85000 	/System/Library/Frameworks/Cocoa.framework/Versions/A/Cocoa
0x0000000004b85000 	/System/Library/Frameworks/Security.framework/Versions/A/Security
0x0000000004b85000 	/System/Library/Frameworks/ApplicationServices.framework/Versions/A/ApplicationServices
0x0000000004b85000 	/usr/lib/libz.1.dylib
0x0000000004b85000 	/usr/lib/libSystem.B.dylib
0x0000000004b85000 	/usr/lib/libobjc.A.dylib
0x0000000004b85000 	/System/Library/Frameworks/CoreFoundation.framework/Versions/A/CoreFoundation
0x0000000004b85000 	/System/Library/Frameworks/AppKit.framework/Versions/C/AppKit
0x0000000004b85000 	/System/Library/Frameworks/CoreData.framework/Versions/A/CoreData
0x0000000004b85000 	/System/Library/Frameworks/Foundation.framework/Versions/C/Foundation
0x0000000004b85000 	/System/Library/PrivateFrameworks/RemoteViewServices.framework/Versions/A/RemoteViewServices
0x0000000004b85000 	/System/Library/Frameworks/AudioToolbox.framework/Versions/A/AudioToolbox
0x0000000004b85000 	/System/Library/Frameworks/AudioUnit.framework/Versions/A/AudioUnit
0x0000000004b85000 	/System/Library/PrivateFrameworks/DataDetectorsCore.framework/Versions/A/DataDetectorsCore
0x0000000004b85000 	/System/Library/PrivateFrameworks/DesktopServicesPriv.framework/Versions/A/DesktopServicesPriv
0x0000000004b85000 	/System/Library/Frameworks/Carbon.framework/Versions/A/Frameworks/HIToolbox.framework/Versions/A/HIToolbox
0x0000000004b85000 	/System/Library/Frameworks/QuartzCore.framework/Versions/A/QuartzCore
0x0000000004b85000 	/System/Library/Frameworks/Carbon.framework/Versions/A/Frameworks/SpeechRecognition.framework/Versions/A/SpeechRecognition
0x0000000004b85000 	/usr/lib/libauto.dylib
0x0000000004b85000 	/usr/lib/libicucore.A.dylib
0x0000000004b85000 	/usr/lib/libxml2.2.dylib
0x0000000004b85000 	/System/Library/PrivateFrameworks/CoreUI.framework/Versions/A/CoreUI
0x0000000004b85000 	/System/Library/Frameworks/CoreAudio.framework/Versions/A/CoreAudio
0x0000000004b85000 	/System/Library/Frameworks/DiskArbitration.framework/Versions/A/DiskArbitration
0x0000000004b85000 	/usr/lib/liblangid.dylib
0x0000000004b85000 	/System/Library/PrivateFrameworks/MultitouchSupport.framework/Versions/A/MultitouchSupport
0x0000000004b85000 	/System/Library/Frameworks/IOKit.framework/Versions/A/IOKit
0x0000000004b85000 	/usr/lib/libDiagnosticMessagesClient.dylib
0x0000000004b85000 	/System/Library/Frameworks/CoreServices.framework/Versions/A/CoreServices
0x0000000004b85000 	/System/Library/PrivateFrameworks/PerformanceAnalysis.framework/Versions/A/PerformanceAnalysis
0x0000000004b85000 	/System/Library/PrivateFrameworks/GenerationalStorage.framework/Versions/A/GenerationalStorage
0x0000000004b85000 	/System/Library/Frameworks/OpenGL.framework/Versions/A/OpenGL
0x0000000004b85000 	/System/Library/PrivateFrameworks/Sharing.framework/Versions/A/Sharing
0x0000000004b85000 	/System/Library/Frameworks/ImageIO.framework/Versions/A/ImageIO
0x0000000004b85000 	/System/Library/Frameworks/CoreText.framework/Versions/A/CoreText
0x0000000004b85000 	/System/Library/Frameworks/CoreGraphics.framework/Versions/A/CoreGraphics
0x0000000004b85000 	/System/Library/PrivateFrameworks/Backup.framework/Versions/A/Backup
0x0000000004b85000 	/System/Library/Frameworks/CFNetwork.framework/Versions/A/CFNetwork
0x0000000004b85000 	/System/Library/Frameworks/SystemConfiguration.framework/Versions/A/SystemConfiguration
0x0000000004b85000 	/usr/lib/libCRFSuite.dylib
0x0000000004b85000 	/usr/lib/libc++.1.dylib
0x0000000004b85000 	/usr/lib/libc++abi.dylib
0x0000000004b85000 	/usr/lib/system/libcache.dylib
0x0000000004b85000 	/usr/lib/system/libcommonCrypto.dylib
0x0000000004b85000 	/usr/lib/system/libcompiler_rt.dylib
0x0000000004b85000 	/usr/lib/system/libcopyfile.dylib
0x0000000004b85000 	/usr/lib/system/libcorecrypto.dylib
0x0000000004b85000 	/usr/lib/system/libdispatch.dylib
0x0000000004b85000 	/usr/lib/system/libdyld.dylib
0x0000000004b85000 	/usr/lib/system/libkeymgr.dylib
0x0000000004b85000 	/usr/lib/system/liblaunch.dylib
0x0000000004b85000 	/usr/lib/system/libmacho.dylib
0x0000000004b85000 	/usr/lib/system/libquarantine.dylib
0x0000000004b85000 	/usr/lib/system/libremovefile.dylib
0x0000000004b85000 	/usr/lib/system/libsystem_asl.dylib
0x0000000004b85000 	/usr/lib/system/libsystem_blocks.dylib
0x0000000004b85000 	/usr/lib/system/libsystem_c.dylib
0x0000000004b85000 	/usr/lib/system/libsystem_configuration.dylib
0x0000000004b85000 	/usr/lib/system/libsystem_dnssd.dylib
0x0000000004b85000 	/usr/lib/system/libsystem_info.dylib
0x0000000004b85000 	/usr/lib/system/libsystem_kernel.dylib
0x0000000004b85000 	/usr/lib/system/libsystem_m.dylib
0x0000000004b85000 	/usr/lib/system/libsystem_malloc.dylib
0x0000000004b85000 	/usr/lib/system/libsystem_network.dylib
0x0000000004b85000 	/usr/lib/system/libsystem_notify.dylib
0x0000000004b85000 	/usr/lib/system/libsystem_platform.dylib
0x0000000004b85000 	/usr/lib/system/libsystem_pthread.dylib
0x0000000004b85000 	/usr/lib/system/libsystem_sandbox.dylib
0x0000000004b85000 	/usr/lib/system/libsystem_stats.dylib
0x0000000004b85000 	/usr/lib/system/libunc.dylib
0x0000000004b85000 	/usr/lib/system/libunwind.dylib
0x0000000004b85000 	/usr/lib/system/libxpc.dylib
0x0000000004b85000 	/usr/lib/libbsm.0.dylib
0x0000000004b85000 	/usr/lib/libsqlite3.dylib
0x0000000004b85000 	/usr/lib/libxar.1.dylib
0x0000000004b85000 	/usr/lib/libpam.2.dylib
0x0000000004b85000 	/usr/lib/libOpenScriptingUtil.dylib
0x0000000004b85000 	/usr/lib/libbz2.1.0.dylib
0x0000000004b85000 	/System/Library/Frameworks/CoreServices.framework/Versions/A/Frameworks/CarbonCore.framework/Versions/A/CarbonCore
0x0000000004b85000 	/System/Library/Frameworks/CoreServices.framework/Versions/A/Frameworks/Metadata.framework/Versions/A/Metadata
0x0000000004b85000 	/System/Library/Frameworks/CoreServices.framework/Versions/A/Frameworks/OSServices.framework/Versions/A/OSServices
0x0000000004b85000 	/System/Library/Frameworks/CoreServices.framework/Versions/A/Frameworks/SearchKit.framework/Versions/A/SearchKit
0x0000000004b85000 	/System/Library/Frameworks/CoreServices.framework/Versions/A/Frameworks/AE.framework/Versions/A/AE
0x0000000004b85000 	/System/Library/Frameworks/CoreServices.framework/Versions/A/Frameworks/LaunchServices.framework/Versions/A/LaunchServices
0x0000000004b85000 	/System/Library/Frameworks/CoreServices.framework/Versions/A/Frameworks/DictionaryServices.framework/Versions/A/DictionaryServices
0x0000000004b85000 	/System/Library/Frameworks/NetFS.framework/Versions/A/NetFS
0x0000000004b85000 	/usr/lib/system/libkxld.dylib
0x0000000004b85000 	/System/Library/PrivateFrameworks/NetAuth.framework/Versions/A/NetAuth
0x0000000004b85000 	/System/Library/PrivateFrameworks/TCC.framework/Versions/A/TCC
0x0000000004b85000 	/System/Library/Frameworks/OpenDirectory.framework/Versions/A/Frameworks/CFOpenDirectory.framework/Versions/A/CFOpenDirectory
0x0000000004b85000 	/System/Library/Frameworks/ServiceManagement.framework/Versions/A/ServiceManagement
0x0000000004b85000 	/usr/lib/libxslt.1.dylib
0x0000000004b85000 	/System/Library/Frameworks/Carbon.framework/Versions/A/Frameworks/Ink.framework/Versions/A/Ink
0x0000000004b85000 	/System/Library/Frameworks/ApplicationServices.framework/Versions/A/Frameworks/ATS.framework/Versions/A/ATS
0x0000000004b85000 	/System/Library/Frameworks/ApplicationServices.framework/Versions/A/Frameworks/ColorSync.framework/Versions/A/ColorSync
0x0000000004b85000 	/System/Library/Frameworks/ApplicationServices.framework/Versions/A/Frameworks/HIServices.framework/Versions/A/HIServices
0x0000000004b85000 	/System/Library/Frameworks/ApplicationServices.framework/Versions/A/Frameworks/LangAnalysis.framework/Versions/A/LangAnalysis
0x0000000004b85000 	/System/Library/Frameworks/ApplicationServices.framework/Versions/A/Frameworks/PrintCore.framework/Versions/A/PrintCore
0x0000000004b85000 	/System/Library/Frameworks/ApplicationServices.framework/Versions/A/Frameworks/QD.framework/Versions/A/QD
0x0000000004b85000 	/System/Library/Frameworks/ApplicationServices.framework/Versions/A/Frameworks/SpeechSynthesis.framework/Versions/A/SpeechSynthesis
0x0000000004b85000 	/System/Library/Frameworks/IOSurface.framework/Versions/A/IOSurface
0x0000000004b85000 	/System/Library/Frameworks/Accelerate.framework/Versions/A/Accelerate
0x0000000004b85000 	/System/Library/Frameworks/Accelerate.framework/Versions/A/Frameworks/vImage.framework/Versions/A/vImage
0x0000000004b85000 	/System/Library/Frameworks/Accelerate.framework/Versions/A/Frameworks/vecLib.framework/Versions/A/vecLib
0x0000000004b85000 	/System/Library/Frameworks/Accelerate.framework/Versions/A/Frameworks/vecLib.framework/Versions/A/libvDSP.dylib
0x0000000004b85000 	/System/Library/Frameworks/Accelerate.framework/Versions/A/Frameworks/vecLib.framework/Versions/A/libvMisc.dylib
0x0000000004b85000 	/System/Library/Frameworks/Accelerate.framework/Versions/A/Frameworks/vecLib.framework/Versions/A/libLAPACK.dylib
0x0000000004b85000 	/System/Library/Frameworks/Accelerate.framework/Versions/A/Frameworks/vecLib.framework/Versions/A/libBLAS.dylib
0x0000000004b85000 	/System/Library/Frameworks/ApplicationServices.framework/Versions/A/Frameworks/ATS.framework/Versions/A/Resources/libFontParser.dylib
0x0000000004b85000 	/System/Library/Frameworks/ApplicationServices.framework/Versions/A/Frameworks/ATS.framework/Versions/A/Resources/libFontRegistry.dylib
0x0000000004b85000 	/System/Library/Frameworks/ImageIO.framework/Versions/A/Resources/libJPEG.dylib
0x0000000004b85000 	/System/Library/Frameworks/ImageIO.framework/Versions/A/Resources/libTIFF.dylib
0x0000000004b85000 	/System/Library/Frameworks/ImageIO.framework/Versions/A/Resources/libPng.dylib
0x0000000004b85000 	/System/Library/Frameworks/ImageIO.framework/Versions/A/Resources/libGIF.dylib
0x0000000004b85000 	/System/Library/Frameworks/ImageIO.framework/Versions/A/Resources/libJP2.dylib
0x0000000004b85000 	/System/Library/Frameworks/ImageIO.framework/Versions/A/Resources/libRadiance.dylib
0x0000000004b85000 	/usr/lib/libcups.2.dylib
0x0000000004b85000 	/System/Library/Frameworks/Kerberos.framework/Versions/A/Kerberos
0x0000000004b85000 	/System/Library/Frameworks/GSS.framework/Versions/A/GSS
0x0000000004b85000 	/usr/lib/libresolv.9.dylib
0x0000000004b85000 	/usr/lib/libiconv.2.dylib
0x0000000004b85000 	/System/Library/PrivateFrameworks/Heimdal.framework/Versions/A/Heimdal
0x0000000004b85000 	/System/Library/PrivateFrameworks/TrustEvaluationAgent.framework/Versions/A/TrustEvaluationAgent
0x0000000004b85000 	/usr/lib/libheimdal-asn1.dylib
0x0000000004b85000 	/System/Library/Frameworks/OpenDirectory.framework/Versions/A/OpenDirectory
0x0000000004b85000 	/System/Library/PrivateFrameworks/CommonAuth.framework/Versions/A/CommonAuth
0x0000000004b85000 	/System/Library/Frameworks/SecurityFoundation.framework/Versions/A/SecurityFoundation
0x0000000004b85000 	/System/Library/PrivateFrameworks/Bom.framework/Versions/A/Bom
0x0000000004b85000 	/System/Library/Frameworks/CoreVideo.framework/Versions/A/CoreVideo
0x0000000004b85000 	/System/Library/Frameworks/QuartzCore.framework/Versions/A/Frameworks/CoreImage.framework/Versions/A/CoreImage
0x0000000004b85000 	/System/Library/Frameworks/QuartzCore.framework/Versions/A/Frameworks/ScalableUserInterface.framework/Versions/A/ScalableUserInterface
0x0000000004b85000 	/System/Library/Frameworks/OpenGL.framework/Versions/A/Libraries/libGLU.dylib
0x0000000004b85000 	/System/Library/Frameworks/OpenGL.framework/Versions/A/Libraries/libGFXShared.dylib
0x0000000004b85000 	/System/Library/Frameworks/OpenGL.framework/Versions/A/Libraries/libGL.dylib
0x0000000004b85000 	/System/Library/Frameworks/OpenGL.framework/Versions/A/Libraries/libGLImage.dylib
0x0000000004b85000 	/System/Library/Frameworks/OpenGL.framework/Versions/A/Libraries/libCVMSPluginSupport.dylib
0x0000000004b85000 	/System/Library/Frameworks/OpenGL.framework/Versions/A/Libraries/libCoreVMClient.dylib
0x0000000004b85000 	/System/Library/PrivateFrameworks/FaceCore.framework/Versions/A/FaceCore
0x0000000004b85000 	/System/Library/PrivateFrameworks/CrashReporterSupport.framework/Versions/A/CrashReporterSupport
0x0000000004b85000 	/System/Library/Frameworks/OpenCL.framework/Versions/A/OpenCL
0x0000000004b85000 	/System/Library/PrivateFrameworks/AppleFSCompression.framework/Versions/A/AppleFSCompression
0x0000000004b85000 	/System/Library/PrivateFrameworks/Ubiquity.framework/Versions/A/Ubiquity
0x0000000004b85000 	/System/Library/PrivateFrameworks/IconServices.framework/Versions/A/IconServices
0x0000000004b85000 	/System/Library/PrivateFrameworks/ChunkingLibrary.framework/Versions/A/ChunkingLibrary
0x0000000004b85000 	/System/Library/PrivateFrameworks/CoreSymbolication.framework/Versions/A/CoreSymbolication
0x0000000004b85000 	/System/Library/PrivateFrameworks/Symbolication.framework/Versions/A/Symbolication
0x0000000004b85000 	/System/Library/PrivateFrameworks/DebugSymbols.framework/Versions/A/DebugSymbols
0x000000010d000000 	/Library/Java/JavaVirtualMachines/jdk1.7.0_25.jdk/Contents/Home/jre/lib/server/libjvm.dylib
0x0000000004b85000 	/usr/lib/libstdc++.6.dylib
0x000000010bf89000 	/Library/Java/JavaVirtualMachines/jdk1.7.0_25.jdk/Contents/Home/jre/lib/libverify.dylib
0x000000010bf96000 	/Library/Java/JavaVirtualMachines/jdk1.7.0_25.jdk/Contents/Home/jre/lib/libjava.dylib
0x000000010bfd0000 	/Library/Java/JavaVirtualMachines/jdk1.7.0_25.jdk/Contents/Home/jre/lib/libzip.dylib
0x000000011129f000 	/System/Library/Frameworks/JavaVM.framework/Frameworks/JavaRuntimeSupport.framework/JavaRuntimeSupport
0x00000001112b7000 	/System/Library/Frameworks/JavaVM.framework/Versions/A/Frameworks/JavaNativeFoundation.framework/Versions/A/JavaNativeFoundation
0x000000010bff1000 	/System/Library/Frameworks/JavaVM.framework/Versions/A/JavaVM
0x0000000004b85000 	/System/Library/Frameworks/Carbon.framework/Versions/A/Carbon
0x00000001112cc000 	/System/Library/PrivateFrameworks/JavaLaunching.framework/Versions/A/JavaLaunching
0x0000000004b85000 	/System/Library/Frameworks/Carbon.framework/Versions/A/Frameworks/CommonPanels.framework/Versions/A/CommonPanels
0x0000000004b85000 	/System/Library/Frameworks/Carbon.framework/Versions/A/Frameworks/Help.framework/Versions/A/Help
0x0000000004b85000 	/System/Library/Frameworks/Carbon.framework/Versions/A/Frameworks/ImageCapture.framework/Versions/A/ImageCapture
0x0000000004b85000 	/System/Library/Frameworks/Carbon.framework/Versions/A/Frameworks/OpenScripting.framework/Versions/A/OpenScripting
0x0000000004b85000 	/System/Library/Frameworks/Carbon.framework/Versions/A/Frameworks/Print.framework/Versions/A/Print
0x0000000004b85000 	/System/Library/Frameworks/Carbon.framework/Versions/A/Frameworks/SecurityHI.framework/Versions/A/SecurityHI
0x0000000111b02000 	/Applications/IntelliJ IDEA 12.app/bin/libbreakgen64.jnilib
0x0000000111c08000 	/Library/Java/JavaVirtualMachines/jdk1.7.0_25.jdk/Contents/Home/jre/lib/libnet.dylib
0x0000000111c65000 	/Library/Java/JavaVirtualMachines/jdk1.7.0_25.jdk/Contents/Home/jre/lib/libawt.dylib
0x0000000111d15000 	/Library/Java/JavaVirtualMachines/jdk1.7.0_25.jdk/Contents/Home/jre/lib/./libmlib_image.dylib
0x0000000111de1000 	/Library/Java/JavaVirtualMachines/jdk1.7.0_25.jdk/Contents/Home/jre/lib/lwawt/liblwawt.dylib
0x0000000111e94000 	/Library/Java/JavaVirtualMachines/jdk1.7.0_25.jdk/Contents/Home/jre/lib/libosxapp.dylib
0x0000000004b85000 	/System/Library/Frameworks/ExceptionHandling.framework/Versions/A/ExceptionHandling
0x0000000004b85000 	/System/Library/PrivateFrameworks/CoreServicesInternal.framework/Versions/A/CoreServicesInternal
0x0000000004b85000 	/System/Library/PrivateFrameworks/Librarian.framework/Versions/A/Librarian
0x0000000004b85000 	/System/Library/Frameworks/CoreGraphics.framework/Versions/A/Resources/libCGCMS.A.dylib
0x0000000004b85000 	/System/Library/Frameworks/CoreGraphics.framework/Versions/A/Resources/libRIP.A.dylib
0x0000000004b85000 	/System/Library/Frameworks/CoreGraphics.framework/Versions/A/Resources/libCGXType.A.dylib
0x0000000004b85000 	/System/Library/PrivateFrameworks/FamilyControls.framework/Versions/A/FamilyControls
0x0000000004b85000 	/System/Library/PrivateFrameworks/CommerceKit.framework/Versions/A/Frameworks/CommerceCore.framework/Versions/A/CommerceCore
0x0000000004b85000 	/System/Library/PrivateFrameworks/SystemAdministration.framework/Versions/A/SystemAdministration
0x0000000004b85000 	/System/Library/Frameworks/DirectoryService.framework/Versions/A/DirectoryService
0x0000000004b85000 	/System/Library/PrivateFrameworks/DiskImages.framework/Versions/A/DiskImages
0x0000000004b85000 	/System/Library/PrivateFrameworks/LoginUIKit.framework/Versions/A/Frameworks/LoginUICore.framework/Versions/A/LoginUICore
0x0000000004b85000 	/usr/lib/libCoreStorage.dylib
0x0000000004b85000 	/usr/lib/libcsfde.dylib
0x0000000004b85000 	/usr/lib/libodfde.dylib
0x0000000004b85000 	/System/Library/Frameworks/DiscRecording.framework/Versions/A/DiscRecording
0x0000000004b85000 	/usr/lib/libcurl.4.dylib
0x0000000004b85000 	/System/Library/PrivateFrameworks/MediaKit.framework/Versions/A/MediaKit
0x0000000004b85000 	/System/Library/PrivateFrameworks/EFILogin.framework/Versions/A/EFILogin
0x0000000004b85000 	/usr/lib/libutil.dylib
0x0000000004b85000 	/System/Library/PrivateFrameworks/AOSNotification.framework/Versions/A/AOSNotification
0x0000000004b85000 	/System/Library/Frameworks/LDAP.framework/Versions/A/LDAP
0x0000000004b85000 	/usr/lib/libsasl2.2.dylib
0x0000000004b85000 	/usr/lib/libcrypto.0.9.8.dylib
0x0000000004b85000 	/usr/lib/libssl.0.9.8.dylib
0x0000000004b85000 	/System/Library/Frameworks/OpenGL.framework/Versions/A/Resources/GLEngine.bundle/GLEngine
0x0000000004b85000 	/System/Library/Frameworks/OpenGL.framework/Versions/A/Libraries/libGLProgrammability.dylib
0x0000000000000000 	/System/Library/Extensions/AMDRadeonX3000GLDriver.bundle/Contents/MacOS/AMDRadeonX3000GLDriver
0x0000000004b85000 	/System/Library/PrivateFrameworks/IOAccelerator.framework/Versions/A/IOAccelerator
0x0000000004b85000 	/System/Library/PrivateFrameworks/GPUSupport.framework/Versions/A/Libraries/libGPUSupportMercury.dylib
0x0000000000000000 	/System/Library/Extensions/AppleIntelHD3000GraphicsGLDriver.bundle/Contents/MacOS/AppleIntelHD3000GraphicsGLDriver
0x0000000114588000 	/System/Library/PrivateFrameworks/GPUSupport.framework/Versions/A/Libraries/libGPUSupport.dylib
0x0000000004b85000 	/System/Library/Frameworks/OpenGL.framework/Versions/A/Resources/GLRendererFloat.bundle/GLRendererFloat
0x0000000004b85000 	/System/Library/Frameworks/OpenCL.framework/Versions/A/Libraries/libcldcpuengine.dylib
0x00000001166cc000 	/Library/Java/JavaVirtualMachines/jdk1.7.0_25.jdk/Contents/Home/jre/lib/libfontmanager.dylib
0x0000000116736000 	/Library/Java/JavaVirtualMachines/jdk1.7.0_25.jdk/Contents/Home/jre/lib/libosxui.dylib
0x0000000116843000 	/Library/Java/JavaVirtualMachines/jdk1.7.0_25.jdk/Contents/Home/jre/lib/libnio.dylib
0x0000000117034000 	cl_kernels
0x000000011749e000 	/System/Library/Frameworks/OpenCL.framework/Versions/A/Libraries/ImageFormats/unorm8_bgra.dylib
0x000000011765c000 	cl_kernels
0x000000011966e000 	/Library/Java/JavaVirtualMachines/jdk1.7.0_25.jdk/Contents/Home/jre/lib/libdcpr.dylib
0x0000000004b85000 	/System/Library/Frameworks/ApplicationServices.framework/Versions/A/Frameworks/ATS.framework/Versions/A/Resources/libTrueTypeScaler.dylib
0x00000001197fe000 	/Library/Java/JavaVirtualMachines/jdk1.7.0_25.jdk/Contents/Home/jre/lib/libosx.dylib

VM Arguments:
jvm_args: -Didea.launcher.port=7532 -Didea.launcher.bin.path=/Applications/IntelliJ IDEA 12.app/bin -Dfile.encoding=UTF-8 
java_command: com.intellij.rt.execution.application.AppMain fr.edu.bp.m1info.mvp.presenter.MainPresenter
Launcher Type: SUN_STANDARD

Environment Variables:
PATH=/usr/bin:/bin:/usr/sbin:/sbin
SHELL=/bin/bash

Signal Handlers:
SIGSEGV: [libjvm.dylib+0x4a820f], sa_mask[0]=0xfffefeff, sa_flags=0x00000042
SIGBUS: [libjvm.dylib+0x4a820f], sa_mask[0]=0xfffefeff, sa_flags=0x00000042
SIGFPE: [libjvm.dylib+0x3b7495], sa_mask[0]=0xfffefeff, sa_flags=0x00000042
SIGPIPE: [libjvm.dylib+0x3b7495], sa_mask[0]=0xfffefeff, sa_flags=0x00000042
SIGXFSZ: [libjvm.dylib+0x3b7495], sa_mask[0]=0xfffefeff, sa_flags=0x00000042
SIGILL: [libjvm.dylib+0x3b7495], sa_mask[0]=0xfffefeff, sa_flags=0x00000042
SIGUSR1: SIG_DFL, sa_mask[0]=0x00000000, sa_flags=0x00000002
SIGUSR2: [libjvm.dylib+0x3b702e], sa_mask[0]=0x00000004, sa_flags=0x00000042
SIGHUP: [libjvm.dylib+0x3b528f], sa_mask[0]=0xfffefeff, sa_flags=0x00000042
SIGINT: [libjvm.dylib+0x3b528f], sa_mask[0]=0xfffefeff, sa_flags=0x00000042
SIGTERM: [libjvm.dylib+0x3b528f], sa_mask[0]=0xfffefeff, sa_flags=0x00000042
SIGQUIT: [libjvm.dylib+0x3b528f], sa_mask[0]=0xfffefeff, sa_flags=0x00000042


---------------  S Y S T E M  ---------------

OS:Bsduname:Darwin 13.0.0 Darwin Kernel Version 13.0.0: Thu Sep 19 22:22:27 PDT 2013; root:xnu-2422.1.72~6/RELEASE_X86_64 x86_64
rlimit: STACK 8192k, CORE 0k, NPROC 709, NOFILE 10240, AS infinity
load average:2.07 1.98 1.93

CPU:total 8 (4 cores per cpu, 2 threads per core) family 6 model 42 stepping 7, cmov, cx8, fxsr, mmx, sse, sse2, sse3, ssse3, sse4.1, sse4.2, popcnt, avx, ht, tsc, tscinvbit

Memory: 4k page, physical 350116k(87529k free)

/proc/meminfo:


vm_info: Java HotSpot(TM) 64-Bit Server VM (23.25-b01) for bsd-amd64 JRE (1.7.0_25-b15), built on Jun  5 2013 22:26:36 by "java_re" with gcc 4.2.1 (Based on Apple Inc. build 5658) (LLVM build 2336.11.00)

time: Thu Dec 12 12:30:39 2013
elapsed time: 55 seconds

